<?xml version="1.0" encoding="UTF-8"?>
<testng-results ignored="0" total="1" passed="1" failed="0" skipped="0">
  <reporter-output>
  </reporter-output>
  <suite started-at="2023-10-18T23:18:24 IST" name="Suite" finished-at="2023-10-18T23:18:24 IST" duration-ms="84">
    <groups>
    </groups>
    <test started-at="2023-10-18T23:18:24 IST" name="Test" finished-at="2023-10-18T23:18:24 IST" duration-ms="84">
      <class name="testCases.B">
        <test-method signature="M1()[pri:0, instance:testCases.B@313ac989]" started-at="2023-10-18T23:18:24 IST" name="M1" finished-at="2023-10-18T23:18:24 IST" duration-ms="11" status="PASS">
          <reporter-output>
          </reporter-output>
        </test-method> <!-- M1 -->
      </class> <!-- testCases.B -->
    </test> <!-- Test -->
  </suite> <!-- Suite -->
</testng-results>
